<?xml version="1.0" encoding="UTF-8"?>
<!-- Generated by org.testng.reporters.JUnitReportReporter -->
<testsuite skipped="0" hostname="Pallavi1605" name="TestNGprograms.GetDataViaXml" tests="1" failures="0" timestamp="15 Jul 2021 11:38:53 GMT" time="0.880" errors="0">
  <testcase name="LoginBrowser" time="0.880" classname="TestNGprograms.GetDataViaXml"/>
</testsuite> <!-- TestNGprograms.GetDataViaXml -->
