<?xml version="1.0" encoding="UTF-8"?>
<!-- Generated by org.testng.reporters.JUnitReportReporter -->
<testsuite skipped="0" hostname="Pallavi1605" name="TestNGprograms.Priorities" tests="5" failures="0" timestamp="28 Jun 2021 06:23:54 GMT" time="0.027" errors="0">
  <testcase name="p2" time="0.003" classname="TestNGprograms.Priorities"/>
  <testcase name="p3" time="0.003" classname="TestNGprograms.Priorities"/>
  <testcase name="p1" time="0.015" classname="TestNGprograms.Priorities"/>
  <testcase name="p4" time="0.002" classname="TestNGprograms.Priorities"/>
  <testcase name="p5" time="0.004" classname="TestNGprograms.Priorities"/>
</testsuite> <!-- TestNGprograms.Priorities -->
