<?xml version="1.0" encoding="UTF-8"?>
<!-- Generated by org.testng.reporters.JUnitReportReporter -->
<testsuite skipped="0" hostname="Pallavi1605" name="TestNGprograms.XmlParameters" tests="1" failures="0" timestamp="13 Jul 2021 12:27:23 GMT" time="0.808" errors="0">
  <testcase name="Login" time="0.808" classname="TestNGprograms.XmlParameters"/>
</testsuite> <!-- TestNGprograms.XmlParameters -->
