<?xml version="1.0" encoding="UTF-8"?>
<!-- Generated by org.testng.reporters.JUnitReportReporter -->
<testsuite skipped="0" hostname="Pallavi1605" name="TestNGprograms.Assignmentdependmethod" tests="5" failures="0" timestamp="12 Jul 2021 09:22:30 GMT" time="21.103" errors="0">
  <testcase name="Closebrowser" time="1.407" classname="TestNGprograms.Assignmentdependmethod"/>
  <testcase name="Categoryreport" time="5.023" classname="TestNGprograms.Assignmentdependmethod"/>
  <testcase name="Loginuser" time="7.459" classname="TestNGprograms.Assignmentdependmethod"/>
  <testcase name="Addsupplier" time="5.580" classname="TestNGprograms.Assignmentdependmethod"/>
  <testcase name="Productdetails" time="1.634" classname="TestNGprograms.Assignmentdependmethod"/>
</testsuite> <!-- TestNGprograms.Assignmentdependmethod -->
