<?xml version="1.0" encoding="UTF-8"?>
<!-- Generated by org.testng.reporters.JUnitReportReporter -->
<testsuite skipped="0" hostname="Pallavi1605" name="TestNGprograms.AlertDismissbox" tests="1" failures="0" timestamp="19 Jul 2021 09:45:35 GMT" time="13.601" errors="0">
  <testcase name="Cancelalert" time="13.601" classname="TestNGprograms.AlertDismissbox"/>
</testsuite> <!-- TestNGprograms.AlertDismissbox -->
