<?xml version="1.0" encoding="UTF-8"?>
<!-- Generated by org.testng.reporters.JUnitReportReporter -->
<testsuite skipped="0" hostname="Pallavi1605" name="TestNGprograms.GetDataViaExcel" tests="2" failures="0" timestamp="13 Jul 2021 12:26:47 GMT" time="7.220" errors="0">
  <testcase name="Excel" time="4.061" classname="TestNGprograms.GetDataViaExcel"/>
  <testcase name="Close" time="3.159" classname="TestNGprograms.GetDataViaExcel"/>
</testsuite> <!-- TestNGprograms.GetDataViaExcel -->
