<?xml version="1.0" encoding="UTF-8"?>
<!-- Generated by org.testng.reporters.JUnitReportReporter -->
<testsuite skipped="0" hostname="Pallavi1605" name="TestNGprograms.User" tests="2" failures="0" timestamp="12 Jul 2021 09:34:30 GMT" time="6.230" errors="0">
  <testcase name="loginid" time="3.428" classname="TestNGprograms.User"/>
  <testcase name="userid" time="2.802" classname="TestNGprograms.User"/>
</testsuite> <!-- TestNGprograms.User -->
