<?xml version="1.0" encoding="UTF-8"?>
<!-- Generated by org.testng.reporters.JUnitReportReporter -->
<testsuite skipped="0" hostname="Pallavi1605" name="TestNGprograms.AlertBox" tests="1" failures="0" timestamp="19 Jul 2021 09:21:06 GMT" time="11.528" errors="0">
  <testcase name="Alert" time="11.528" classname="TestNGprograms.AlertBox"/>
</testsuite> <!-- TestNGprograms.AlertBox -->
