<?xml version="1.0" encoding="UTF-8"?>
<!-- Generated by org.testng.reporters.JUnitReportReporter -->
<testsuite skipped="0" hostname="Pallavi1605" name="TestNGprograms.Screenshot" tests="1" failures="0" timestamp="12 Jul 2021 09:22:30 GMT" time="3.943" errors="0">
  <testcase name="Takescreenshot" time="3.943" classname="TestNGprograms.Screenshot"/>
</testsuite> <!-- TestNGprograms.Screenshot -->
