<?xml version="1.0" encoding="UTF-8"?>
<!-- Generated by org.testng.reporters.JUnitReportReporter -->
<testsuite skipped="0" hostname="Pallavi1605" name="TestNGprograms.TestNG1" tests="1" failures="0" timestamp="12 Jul 2021 09:22:30 GMT" time="4.027" errors="0">
  <testcase name="Loginpage" time="4.027" classname="TestNGprograms.TestNG1"/>
</testsuite> <!-- TestNGprograms.TestNG1 -->
