<?xml version="1.0" encoding="UTF-8"?>
<!-- Generated by org.testng.reporters.JUnitReportReporter -->
<testsuite skipped="0" hostname="Pallavi1605" name="TestNGprograms.MouseEvent" tests="1" failures="0" timestamp="20 Jul 2021 09:03:10 GMT" time="18.786" errors="0">
  <testcase name="MouseOver" time="18.786" classname="TestNGprograms.MouseEvent"/>
</testsuite> <!-- TestNGprograms.MouseEvent -->
