<?xml version="1.0" encoding="UTF-8"?>
<!-- Generated by org.testng.reporters.JUnitReportReporter -->
<testsuite skipped="0" hostname="Pallavi1605" name="TestNGprograms.Dependsonmethod" tests="4" failures="0" timestamp="12 Jul 2021 09:22:30 GMT" time="3.769" errors="0">
  <testcase name="closebrowser" time="0.196" classname="TestNGprograms.Dependsonmethod"/>
  <testcase name="openbrowser" time="2.143" classname="TestNGprograms.Dependsonmethod"/>
  <testcase name="url" time="0.016" classname="TestNGprograms.Dependsonmethod"/>
  <testcase name="openpage" time="1.414" classname="TestNGprograms.Dependsonmethod"/>
</testsuite> <!-- TestNGprograms.Dependsonmethod -->
