<?xml version="1.0" encoding="UTF-8"?>
<!-- Generated by org.testng.reporters.JUnitReportReporter -->
<testsuite skipped="0" hostname="Pallavi1605" name="TestNGprograms.ParrelTest" tests="2" failures="0" timestamp="15 Jul 2021 06:09:00 GMT" time="0.048" errors="0">
  <testcase name="Test3" time="0.024" classname="TestNGprograms.ParrelTest"/>
  <testcase name="Test4" time="0.024" classname="TestNGprograms.ParrelTest"/>
</testsuite> <!-- TestNGprograms.ParrelTest -->
