<?xml version="1.0" encoding="UTF-8"?>
<!-- Generated by org.testng.reporters.JUnitReportReporter -->
<testsuite skipped="0" hostname="Pallavi1605" name="TestNGprograms.GroupTest" tests="1" failures="0" timestamp="15 Jul 2021 06:46:23 GMT" time="0.008" errors="0">
  <testcase name="Close" time="0.008" classname="TestNGprograms.GroupTest"/>
</testsuite> <!-- TestNGprograms.GroupTest -->
