<?xml version="1.0" encoding="UTF-8"?>
<!-- Generated by org.testng.reporters.JUnitReportReporter -->
<testsuite skipped="0" hostname="Pallavi1605" name="TestNGprograms.Xmlparametr" tests="1" failures="0" timestamp="15 Jul 2021 11:33:56 GMT" time="0.680" errors="0">
  <testcase name="Login" time="0.680" classname="TestNGprograms.Xmlparametr"/>
</testsuite> <!-- TestNGprograms.Xmlparametr -->
