<?xml version="1.0" encoding="UTF-8"?>
<!-- Generated by org.testng.reporters.JUnitReportReporter -->
<testsuite skipped="0" hostname="Pallavi1605" name="TestNGprograms.NewLogin" tests="1" failures="0" timestamp="12 Jul 2021 09:34:30 GMT" time="3.996" errors="0">
  <testcase name="login" time="3.996" classname="TestNGprograms.NewLogin"/>
</testsuite> <!-- TestNGprograms.NewLogin -->
