<?xml version="1.0" encoding="UTF-8"?>
<!-- Generated by org.testng.reporters.JUnitReportReporter -->
<testsuite skipped="0" hostname="Pallavi1605" name="TestNGprograms.Groups" tests="5" failures="0" timestamp="12 Jul 2021 09:22:30 GMT" time="0.017" errors="0">
  <testcase name="p4" time="0.002" classname="TestNGprograms.Groups"/>
  <testcase name="p2" time="0.003" classname="TestNGprograms.Groups"/>
  <testcase name="p5" time="0.001" classname="TestNGprograms.Groups"/>
  <testcase name="p1" time="0.004" classname="TestNGprograms.Groups"/>
  <testcase name="p3" time="0.007" classname="TestNGprograms.Groups"/>
</testsuite> <!-- TestNGprograms.Groups -->
