<?xml version="1.0" encoding="UTF-8"?>
<!-- Generated by org.testng.reporters.JUnitReportReporter -->
<testsuite skipped="0" hostname="Pallavi1605" name="selenium.TestNG" tests="1" failures="0" timestamp="20 Jun 2022 11:42:47 GMT" time="0.015" errors="0">
  <testcase name="testcases" time="0.015" classname="selenium.TestNG"/>
</testsuite> <!-- selenium.TestNG -->
