<?xml version="1.0" encoding="UTF-8"?>
<!-- Generated by org.testng.reporters.JUnitReportReporter -->
<testsuite skipped="0" hostname="Pallavi1605" name="selenium.TestngGroup" tests="4" failures="0" timestamp="27 Jun 2022 11:06:40 GMT" time="0.067" errors="0">
  <testcase name="testtwo" time="0.004" classname="selenium.TestngGroup"/>
  <testcase name="testthree" time="0.024" classname="selenium.TestngGroup"/>
  <testcase name="testone" time="0.009" classname="selenium.TestngGroup"/>
  <testcase name="testfour" time="0.030" classname="selenium.TestngGroup"/>
</testsuite> <!-- selenium.TestngGroup -->
